<?xml version="1.0" encoding="UTF-8"?>
<!-- Generated by org.testng.reporters.JUnitReportReporter -->
<testsuite hostname="nishants-MBP" failures="0" tests="3" name="test.verifyAppFeature" time="69.154" errors="0" timestamp="2021-06-23T21:59:02 CEST" skipped="0">
  <testcase classname="test.verifyAppFeature" name="SignUpUsingIncorrectPhone" time="19.848"/>
  <system-out/>
  <testcase classname="test.verifyAppFeature" name="successfulOnboarding" time="26.614"/>
  <system-out/>
  <testcase classname="test.verifyAppFeature" name="SignUpUsingIncorrectSms" time="22.692"/>
  <system-out/>
</testsuite> <!-- test.verifyAppFeature -->
